
ROM used: 2304 (7%)
          2304 (7%) including unused fragments

          3 Average locations per line
          11 Average locations per statement

RAM used: 23 (1%) at main() level
          34 (2%) worst case

Stack used: 5 worst case (out of 31 total available)

Lines Stmts  %   Files
----- ----- ---  -----
  173    97  48  lcd_teclado.c
  426     0   0  ..\..\Program Files (x86)\PICC\devices\18F4550.h
  170    62  30  ..\..\Program Files (x86)\PICC\drivers\LCD4X20_3PIN.c
  140    45  22  ..\..\Program Files (x86)\PICC\drivers\KBD18F.c
----- -----
  909   204 Total

Page ROM  %  RAM   Vol Diff  Functions:
---- --- --- ---   --- ----  ----------
0     38   1   1             @delay_ms1
0     20   0   0   485  7.8  @const58
0     66   1   3   419  6.0  lcd_send_nibble
0     64   1   3   262  4.3  lcd_send_byte
0     96   2   2   406  4.7  lcd_init
0     58   1   4   336  6.0  lcd_gotoxy
0     34   1   0   231  6.6  @goto10087
0    116   3   1   517  5.2  lcd_putc
0     32   1   0   367  7.0  @const81
0      4   0   0     3  0.0  kbd_init
0    246   5   4  4262 10.2  kbd_getc
0     56   1   2   315  6.5  @ITOF
0    120   3  10   288  6.0  @FLT
0     34   1   0   209  5.2  @goto10138
0    350   8   6  1747 10.2  teclado
0     18   0   0   318  6.5  @const105
0     34   1   0             @goto10213
0    588  13   1  1495  4.4  MAIN
0     32   1   0             @const114
0     32   1   0             @const115
0     22   0   0   196  6.1  @const116
0     26   1   0             @const117
0     22   0   0             @const118
0     26   1   0  2279 12.7  @const119
0     32   1   0             @const120
0     32   1   0             @const121
0     28   1   0             @const122
0     24   1   0             @const123
0     22   0   0  1815 10.5  @const124
0     28   1   0  1817 10.4  @const125

Program metrics:
    Functions               20
    Statements              204
    Comments                241
    Volume (V)              27838
    Difficilty (D)          136.3
    Effort to implement (E) 3793820
    Time to implement (T)   58 hours, 33 minutes
    Est Delivered Bugs (B)  8
    Cyclomatic Complexity   84
    Maintainability (MI)    55

 Segment     Used  Free
-----------  ----  ----
00000-00002     4  0  
00004-07FFE  2300  30464  



