
ROM used: 544 (2%)
          544 (2%) including unused fragments

          0 Average locations per line
          1 Average locations per statement

RAM used: 17 (1%) at main() level
          19 (1%) worst case

Stack used: 2 worst case (out of 31 total available)

Lines Stmts  %   Files
----- ----- ---  -----
  121    62   8  LED.c
  426     0   0  ..\..\Program Files (x86)\PICC\devices\18F4550.h
 1273   359  46  ..\..\Program Files (x86)\PICC\drivers\stdlib.h
   28     0   0  ..\..\Program Files (x86)\PICC\drivers\stddef.h
  409   121  16  ..\..\Program Files (x86)\PICC\drivers\string.h
   28     0   0  ..\..\Program Files (x86)\PICC\drivers\ctype.h
 2104   238  31  ..\..\Program Files (x86)\PICC\drivers\math.h
----- -----
 4389   780 Total

Page ROM  %  RAM   Vol Diff  Functions:
---- --- --- ---   --- ----  ----------
0     26   2   1             @delay_ms1
0    440  40   1  1487  1.5  prender
0     74   7   0   127  1.7  MAIN

Program metrics:
    Functions               2
    Statements              780
    Comments                1185
    Volume (V)              1750
    Difficilty (D)          3.4
    Effort to implement (E) 5881
    Time to implement (T)   5 minutes
    Est Delivered Bugs (B)  0
    Cyclomatic Complexity   1
    Maintainability (MI)    40

 Segment     Used  Free
-----------  ----  ----
00000-00002     4  0  
00004-07FFE   540  32224  



