
ROM used: 1146 (3%)
          1146 (3%) including unused fragments

          0 Average locations per line
          1 Average locations per statement

RAM used: 18 (1%) at main() level
          29 (1%) worst case

Stack used: 4 worst case (out of 31 total available)

Lines Stmts  %   Files
----- ----- ---  -----
  106    35   4  LCD.c
  426     0   0  ..\..\..\Program Files (x86)\PICC\devices\18F4550.h
 1273   359  42  ..\..\..\Program Files (x86)\PICC\drivers\stdlib.h
   28     0   0  ..\..\..\Program Files (x86)\PICC\drivers\stddef.h
  409   121  14  ..\..\..\Program Files (x86)\PICC\drivers\string.h
   28     0   0  ..\..\..\Program Files (x86)\PICC\drivers\ctype.h
 2104   238  28  ..\..\..\Program Files (x86)\PICC\drivers\math.h
  170    62   7  ..\..\..\Program Files (x86)\PICC\drivers\LCD4x20_3PIN.c
  140    45   5  ..\..\..\Program Files (x86)\PICC\drivers\KBD18F.c
----- -----
 4684   860 Total

Page ROM  %  RAM   Vol Diff  Functions:
---- --- --- ---   --- ----  ----------
0     26   1   1             @delay_ms1
0     20   1   0             @const449
0     54   2   3   419  6.0  lcd_send_nibble
0     64   3   3   262  4.3  lcd_send_byte
0     96   4   2   406  4.7  lcd_init
0     58   3   4   336  6.0  lcd_gotoxy
0     34   1   0             @goto11606
0    116   5   1   517  5.2  lcd_putc
0      4   0   0     3  0.0  kbd_init
0    402  18   1   957  2.4  MAIN
0     34   1   0             @const489
0     34   1   0             @const490
0     40   2   0             @const491
0     34   1   0             @const492
0     32   1   0             @const493
0     24   1   0             @const494
0     38   2   0             @const495
0     32   1   0             @const496

Program metrics:
    Functions               7
    Statements              860
    Comments                1264
    Volume (V)              4216
    Difficilty (D)          28.0
    Effort to implement (E) 118178
    Time to implement (T)   1 hours, 49 minutes
    Est Delivered Bugs (B)  1
    Cyclomatic Complexity   16
    Maintainability (MI)    105

 Segment     Used  Free
-----------  ----  ----
00000-00002     4  0  
00004-07FFE  1142  31622  



