
ROM used: 9630 (29%)
          9630 (29%) including unused fragments

          2 Average locations per line
          7 Average locations per statement

RAM used: 139 (7%) at main() level
          156 (8%) worst case

Stack used: 6 worst case (out of 31 total available)

Lines Stmts  %   Files
----- ----- ---  -----
  732   504  35  ds1307.c
  426     0   0  ..\..\Program Files (x86)\PICC\devices\18F4550.h
 1273   359  25  ..\..\Program Files (x86)\PICC\drivers\stdlib.h
   28     0   0  ..\..\Program Files (x86)\PICC\drivers\stddef.h
  409   121   8  ..\..\Program Files (x86)\PICC\drivers\string.h
   28     0   0  ..\..\Program Files (x86)\PICC\drivers\ctype.h
 2104   238  16  ..\..\Program Files (x86)\PICC\drivers\math.h
  170    62   4  ..\..\Program Files (x86)\PICC\drivers\LCD4x20_3PIN.c
  140    45   3  ..\..\Program Files (x86)\PICC\drivers\KBD18F.c
  256    93   6  ..\..\Program Files (x86)\PICC\drivers\DS1307A.c
   73    24   2  ..\..\Program Files (x86)\PICC\drivers\24C512.c
----- -----
 5639  1446 Total

Page ROM  %  RAM   Vol Diff  Functions:
---- --- --- ---   --- ----  ----------
0     38   0   1             @delay_ms1
0     56   0   2             @ITOF
0    120   1  10             @FLT
0     20   0   0             @const449
0     66   0   3   419  6.0  lcd_send_nibble
0     64   0   3   262  4.3  lcd_send_byte
0     96   0   2   406  4.7  lcd_init
0     58   0   4   336  6.0  lcd_gotoxy
0     34   0   0             @goto11610
0    116   1   1   517  5.2  lcd_putc
0     32   0   0             @const472
0      4   0   0     3  0.0  kbd_init
0    246   1   4  4299  9.7  kbd_getc
0     34   0   0             @goto11649
0    102   1   3             @I2C_READ_1
0    108   1   1             @I2C_WRITE_1
 Inline        5   437  3.1  ds1307_get_date
 Inline        4   367  3.0  ds1307_get_time
0     38   0   3   162  3.8  ds1307_bcd2bin
0    104   1   3             @I2C_READ_2
0    108   1   1             @I2C_WRITE_2
0    244   1   6   331  4.0  write_ext_eeprom
0    154   1   5   216  2.9  read_ext_eeprom
0    380   2   2  2331 10.3  teclado
0     34   0   0             @goto11943
0     98   1   1   473  7.6  un_digito
0     54   0   1   136  3.9  escribir_memoria_ext
0     60   0   3   119  3.4  leer
0     62   0   2   119  3.4  leer_men_ext
0    698   4   1  1022  4.3  hora_fecha
0     22   0   0             @const579
0     40   0   3             @DIV88
0    208   1   6             @PRINTF_D_466
0     20   0   0             @const587
0     22   0   0             @const588
0   4718  24   1 15830  6.0  MAIN
0     34   0   0             @const596
0     34   0   0             @const597
0     30   0   0             @const598
0     34   0   0             @const599
0     22   0   0             @const600
0     24   0   0             @const601
0     26   0   0             @const602
0     30   0   0             @const603
0     32   0   0             @const605
0     22   0   0             @const606
0     34   0   0             @const607
0     30   0   0             @const608
0     34   0   0             @const609
0     32   0   0             @const610
0     32   0   0             @const611
0     22   0   0             @const612
0     32   0   0             @const615
0     28   0   0             @const616
0     24   0   0             @const617
0     32   0   0             @const618
0     32   0   0             @const619
0     32   0   0             @const620
0     28   0   0             @const621
0     34   0   0             @const622
0     30   0   0             @const623
0     22   0   0             @const624
0     24   0   0             @const625
0     28   0   0             @const626
0     24   0   0             @const627
0     34   0   0             @const628
0     34   0   0             @const629
0     34   0   0             @const630
0     34   0   0             @const631
0     34   0   0             @const632
0     26   0   0             @const633
0     32   0   0             @const634
0     34   0   0             @const635
0     30   0   0             @const636
0     32   0   0             @const637
0     34   0   0             @const638
0     32   0   0             @const640
0     26   0   0             @const642
0     26   0   0             @const644
0     30   0   0             @const646
0     22   0   0             @const650
0     32   0   0             @const682

Program metrics:
    Functions               19
    Statements              1446
    Comments                1536
    Volume (V)              37810
    Difficilty (D)          91.7
    Effort to implement (E) 3466455
    Time to implement (T)   53 hours, 30 minutes
    Est Delivered Bugs (B)  8
    Cyclomatic Complexity   72
    Maintainability (MI)    109

 Segment     Used  Free
-----------  ----  ----
00000-00002     4  0  
00004-07FFE  9626  23138  



